This file contains any messages produced by compilers while
running configure, to aid debugging if configure makes a mistake.

It was created by configure, which was
generated by GNU Autoconf 2.52.20150926.  Invocation command line was

  $ ./configure 

## ---------- ##
## Platform.  ##
## ---------- ##

hostname = e2r10p23.42.fr
uname -m = x86_64
uname -r = 15.6.0
uname -s = Darwin
uname -v = Darwin Kernel Version 15.6.0: Fri Feb 17 10:21:18 PST 2017; root:xnu-3248.60.11.4.1~1/RELEASE_X86_64

/usr/bin/uname -p = i386
/bin/uname -X     = unknown

/bin/arch              = unknown
/usr/bin/arch -k       = unknown
/usr/convex/getsysinfo = unknown
hostinfo               = Mach kernel version:
	 Darwin Kernel Version 15.6.0: Fri Feb 17 10:21:18 PST 2017; root:xnu-3248.60.11.4.1~1/RELEASE_X86_64
Kernel configured for up to 4 processors.
4 processors are physically available.
4 processors are logically available.
Processor type: i486 (Intel 80486)
Processors active: 0 1 2 3
Primary memory available: 8.00 gigabytes
Default processor set: 243 tasks, 1144 threads, 4 processors
Load average: 2.05, Mach factor: 2.15
/bin/machine           = unknown
/usr/bin/oslevel       = unknown
/bin/universe          = unknown

PATH = /usr/bin:/bin:/usr/sbin:/sbin:/usr/local/bin:/opt/X11/bin:/usr/local/munki

## ------------ ##
## Core tests.  ##
## ------------ ##

configure:1008: PATH=".;."; conftest.sh
./configure: line 1009: conftest.sh: command not found
configure:1011: $? = 127
configure:1053: checking build system type
configure:1071: result: x86_64-apple-darwin15.6.0
configure:1079: checking host system type
configure:1093: result: x86_64-apple-darwin15.6.0
configure:1119: result: Configuring for darwin15.6.0
configure:1131: checking for package version
configure:1152: result: 5.0
configure:1155: checking for package patch date
configure:1172: result: 20161210
configure:1183: testing ABI VERSION 6:1:4 ...
configure:1187: testing VERSION_MAJOR 5 ...
configure:1191: testing VERSION_MINOR 0 ...
configure:1195: testing VERSION_PATCH 20161210 ...
configure:1260: checking for gcc
configure:1275: found /usr/bin/gcc
configure:1283: result: gcc
configure:1511: checking for C compiler version
configure:1514: gcc --version </dev/null >&5
Configured with: --prefix=/Applications/Xcode.app/Contents/Developer/usr --with-gxx-include-dir=/usr/include/c++/4.2.1
Apple LLVM version 8.0.0 (clang-800.0.42.1)
Target: x86_64-apple-darwin15.6.0
Thread model: posix
InstalledDir: /Applications/Xcode.app/Contents/Developer/Toolchains/XcodeDefault.xctoolchain/usr/bin
configure:1517: $? = 0
configure:1519: gcc -v </dev/null >&5
Configured with: --prefix=/Applications/Xcode.app/Contents/Developer/usr --with-gxx-include-dir=/usr/include/c++/4.2.1
Apple LLVM version 8.0.0 (clang-800.0.42.1)
Target: x86_64-apple-darwin15.6.0
Thread model: posix
InstalledDir: /Applications/Xcode.app/Contents/Developer/Toolchains/XcodeDefault.xctoolchain/usr/bin
configure:1522: $? = 0
configure:1524: gcc -V </dev/null >&5
clang: error: argument to '-V' is missing (expected 1 value)
clang: error: no input files
configure:1527: $? = 1
configure:1547: checking for C compiler default output
configure:1550: gcc    conftest.c  >&5
configure:1553: $? = 0
configure:1582: result: a.out
configure:1587: checking whether the C compiler works
configure:1593: ./a.out
configure:1596: $? = 0
configure:1611: result: yes
configure:1618: checking whether we are cross compiling
configure:1620: result: no
configure:1623: checking for executable suffix
configure:1625: gcc -o conftest    conftest.c  >&5
configure:1628: $? = 0
configure:1650: result: 
configure:1656: checking for object suffix
configure:1674: gcc -c   conftest.c >&5
configure:1677: $? = 0
configure:1696: result: o
configure:1700: checking whether we are using the GNU C compiler
configure:1721: gcc -c   conftest.c >&5
configure:1724: $? = 0
configure:1727: test -s conftest.o
configure:1730: $? = 0
configure:1742: result: yes
configure:1748: checking whether gcc accepts -g
configure:1766: gcc -c -g  conftest.c >&5
configure:1769: $? = 0
configure:1772: test -s conftest.o
configure:1775: $? = 0
configure:1785: result: yes
configure:1812: gcc -c -g -O2  conftest.c >&5
conftest.c:2:3: error: unknown type name 'choke'
  choke me
  ^
conftest.c:2:11: error: expected ';' after top level declarator
  choke me
          ^
          ;
2 errors generated.
configure:1815: $? = 1
configure: failed program was:
#ifndef __cplusplus
  choke me
#endif
configure:1916: checking version of gcc
configure:1920: result: 8.0.0
configure:1924: checking for gcc option to accept ANSI C
configure:1981: gcc  -c -g -O2  conftest.c >&5
configure:1984: $? = 0
configure:1987: test -s conftest.o
configure:1990: $? = 0
configure:2007: result: none needed
configure:2018: checking $CC variable
configure:2132: result: ok
configure:2143: checking how to run the C preprocessor
configure:2169: gcc -E  conftest.c
configure:2175: $? = 0
configure:2202: gcc -E  conftest.c
configure:2199:10: fatal error: 'ac_nonexistent.h' file not found
#include <ac_nonexistent.h>
         ^
1 error generated.
configure:2208: $? = 1
configure: failed program was:
#line 2198 "configure"
#include "confdefs.h"
#include <ac_nonexistent.h>
configure:2245: result: gcc -E
configure:2260: gcc -E  conftest.c
configure:2266: $? = 0
configure:2293: gcc -E  conftest.c
configure:2290:10: fatal error: 'ac_nonexistent.h' file not found
#include <ac_nonexistent.h>
         ^
1 error generated.
configure:2299: $? = 1
configure: failed program was:
#line 2289 "configure"
#include "confdefs.h"
#include <ac_nonexistent.h>
configure:2377: checking for ranlib
configure:2392: found /usr/bin/ranlib
configure:2401: result: ranlib
configure:2425: checking for a BSD compatible install
configure:2474: result: /usr/bin/install -c
configure:2485: checking whether ln -s works
configure:2489: result: yes
configure:2496: checking if ln -s -f options work
configure:2508: result: yes
configure:2517: checking for lint
configure:2543: result: no
configure:2517: checking for cppcheck
configure:2543: result: no
configure:2517: checking for splint
configure:2543: result: no
configure:2588: checking for ar
configure:2603: found /usr/bin/ar
configure:2612: result: ar
configure:2624: checking whether make sets ${MAKE}
configure:2644: result: yes
configure:2653: checking for makeflags variable
configure:2687: result: 
configure:2690: checking if filesystem supports mixed-case filenames
configure:2717: result: no
configure:2728: checking for exctags
configure:2754: result: no
configure:2728: checking for ctags
configure:2743: found /usr/bin/ctags
configure:2751: result: ctags
configure:2765: checking for exetags
configure:2791: result: no
configure:2765: checking for etags
configure:2780: found /usr/bin/etags
configure:2788: result: etags
configure:2800: checking for ctags
configure:2815: found /usr/bin/ctags
configure:2824: result: yes
configure:3825: testing add to $CPPFLAGS  -D_DARWIN_C_SOURCE ...
configure:4107: checking if you want to see long compiling messages
configure:4141: result: yes
configure:4188: checking for specific curses-directory
configure:4198: result: no
configure:4349: checking if you want to check for gcc warnings
configure:4359: result: no
configure:4713: checking if you want to use pkg-config
configure:4723: result: yes
configure:4775: checking for pkg-config
configure:4804: result: none
configure:4857: WARNING: pkg-config is not installed
configure:4861: checking if rpath option should be used
configure:4871: result: no
configure:4875: checking for an rpath option
configure:4906: result: 
configure:4969: checking if rpath-hack should be disabled
configure:4986: result: no
configure:4990: checking for updated LDFLAGS
configure:5216: result: no
configure:5321: checking if libtool -version-number should be used
configure:5338: result: yes
configure:5387: checking if you want to build libraries with libtool
configure:5397: result: no
configure:5745: checking if you want to build shared libraries
configure:5755: result: no
configure:6496: checking if you want to use dmalloc for testing
configure:6513: result: no
configure:6708: checking if you want to use dbmalloc for testing
configure:6725: result: no
configure:6920: checking if you want to use valgrind for testing
configure:6937: result: no
configure:7030: checking if you want to perform memory-leak testing
configure:7040: result: no
configure:7058: checking for dirent.h that defines DIR
configure:7079: gcc -c -g -O2   -D_DARWIN_C_SOURCE conftest.c >&5
configure:7082: $? = 0
configure:7085: test -s conftest.o
configure:7088: $? = 0
configure:7098: result: yes
configure:7111: checking for opendir in -ldir
configure:7138: gcc -o conftest -g -O2   -D_DARWIN_C_SOURCE  conftest.c -ldir   >&5
ld: library not found for -ldir
clang: error: linker command failed with exit code 1 (use -v to see invocation)
configure:7141: $? = 1
configure: failed program was:
#line 7119 "configure"
#include "confdefs.h"

/* Override any gcc2 internal prototype to avoid an error.  */
#ifdef __cplusplus
extern "C"
#endif
/* We use char because int might match the return type of a gcc2
   builtin and then its argument prototype would still apply.  */
char opendir ();
int
main ()
{
opendir ();
  ;
  return 0;
}
configure:7158: result: no
configure:7220: checking for ANSI C header files
configure:7234: gcc -E   -D_DARWIN_C_SOURCE conftest.c
configure:7240: $? = 0
configure:7327: gcc -o conftest -g -O2   -D_DARWIN_C_SOURCE  conftest.c  >&5
configure:7330: $? = 0
configure:7332: ./conftest
configure:7335: $? = 0
configure:7348: result: yes
configure:7366: checking for limits.h
configure:7376: gcc -E   -D_DARWIN_C_SOURCE conftest.c
configure:7382: $? = 0
configure:7401: result: yes
configure:7366: checking for unistd.h
configure:7376: gcc -E   -D_DARWIN_C_SOURCE conftest.c
configure:7382: $? = 0
configure:7401: result: yes
configure:7366: checking for pwd.h
configure:7376: gcc -E   -D_DARWIN_C_SOURCE conftest.c
configure:7382: $? = 0
configure:7401: result: yes
configure:7366: checking for grp.h
configure:7376: gcc -E   -D_DARWIN_C_SOURCE conftest.c
configure:7382: $? = 0
configure:7401: result: yes
configure:7417: checking for sys/types.h
configure:7429: gcc -c -g -O2   -D_DARWIN_C_SOURCE conftest.c >&5
configure:7432: $? = 0
configure:7435: test -s conftest.o
configure:7438: $? = 0
configure:7448: result: yes
configure:7417: checking for sys/stat.h
configure:7429: gcc -c -g -O2   -D_DARWIN_C_SOURCE conftest.c >&5
configure:7432: $? = 0
configure:7435: test -s conftest.o
configure:7438: $? = 0
configure:7448: result: yes
configure:7417: checking for stdlib.h
configure:7429: gcc -c -g -O2   -D_DARWIN_C_SOURCE conftest.c >&5
configure:7432: $? = 0
configure:7435: test -s conftest.o
configure:7438: $? = 0
configure:7448: result: yes
configure:7417: checking for string.h
configure:7429: gcc -c -g -O2   -D_DARWIN_C_SOURCE conftest.c >&5
configure:7432: $? = 0
configure:7435: test -s conftest.o
configure:7438: $? = 0
configure:7448: result: yes
configure:7417: checking for memory.h
configure:7429: gcc -c -g -O2   -D_DARWIN_C_SOURCE conftest.c >&5
configure:7432: $? = 0
configure:7435: test -s conftest.o
configure:7438: $? = 0
configure:7448: result: yes
configure:7417: checking for strings.h
configure:7429: gcc -c -g -O2   -D_DARWIN_C_SOURCE conftest.c >&5
configure:7432: $? = 0
configure:7435: test -s conftest.o
configure:7438: $? = 0
configure:7448: result: yes
configure:7417: checking for inttypes.h
configure:7429: gcc -c -g -O2   -D_DARWIN_C_SOURCE conftest.c >&5
configure:7432: $? = 0
configure:7435: test -s conftest.o
configure:7438: $? = 0
configure:7448: result: yes
configure:7417: checking for stdint.h
configure:7429: gcc -c -g -O2   -D_DARWIN_C_SOURCE conftest.c >&5
configure:7432: $? = 0
configure:7435: test -s conftest.o
configure:7438: $? = 0
configure:7448: result: yes
configure:7417: checking for unistd.h
configure:7448: result: yes
configure:7458: checking for mode_t
configure:7479: gcc -c -g -O2   -D_DARWIN_C_SOURCE conftest.c >&5
configure:7482: $? = 0
configure:7485: test -s conftest.o
configure:7488: $? = 0
configure:7498: result: yes
configure:7510: checking whether struct tm is in sys/time.h or time.h
configure:7530: gcc -c -g -O2   -D_DARWIN_C_SOURCE conftest.c >&5
configure:7523:20: warning: expression result unused [-Wunused-value]
struct tm *tp; tp->tm_sec;
               ~~  ^~~~~~
1 warning generated.
configure:7533: $? = 0
configure:7536: test -s conftest.o
configure:7539: $? = 0
configure:7549: result: time.h
configure:7559: checking for extra include directories
configure:7585: result: no
configure:7589: checking if we have identified curses headers
configure:7613: gcc -c -g -O2   -D_DARWIN_C_SOURCE conftest.c >&5
configure:7606:12: warning: implicit declaration of function 'tgoto' is invalid in C99 [-Wimplicit-function-declaration]
initscr(); tgoto("?", 0,0)
           ^
1 warning generated.
configure:7616: $? = 0
configure:7619: test -s conftest.o
configure:7622: $? = 0
configure:7633: result: ncurses.h
configure:7647: checking for ncurses.h
configure:7657: gcc -E   -D_DARWIN_C_SOURCE conftest.c
configure:7663: $? = 0
configure:7682: result: yes
configure:7692: checking for terminfo header
configure:7725: gcc -c -g -O2   -D_DARWIN_C_SOURCE conftest.c >&5
configure:7728: $? = 0
configure:7731: test -s conftest.o
configure:7734: $? = 0
configure:7750: result: term.h
configure:7782: checking for chtype typedef
configure:7801: gcc -c -g -O2   -D_DARWIN_C_SOURCE conftest.c >&5
configure:7804: $? = 0
configure:7807: test -s conftest.o
configure:7810: $? = 0
configure:7820: result: yes
configure:7828: checking if chtype is scalar or struct
configure:7847: gcc -c -g -O2   -D_DARWIN_C_SOURCE conftest.c >&5
configure:7850: $? = 0
configure:7853: test -s conftest.o
configure:7856: $? = 0
configure:7866: result: scalar
configure:7880: checking for unistd.h
configure:7915: result: yes
configure:7880: checking for getopt.h
configure:7890: gcc -E   -D_DARWIN_C_SOURCE conftest.c
configure:7896: $? = 0
configure:7915: result: yes
configure:7925: checking for header declaring getopt variables
configure:7948: gcc -c -g -O2   -D_DARWIN_C_SOURCE conftest.c >&5
configure:7941:9: error: use of undeclared identifier 'optind'
int x = optind; char *y = optarg
        ^
configure:7941:27: error: use of undeclared identifier 'optarg'
int x = optind; char *y = optarg
                          ^
2 errors generated.
configure:7951: $? = 1
configure: failed program was:
#line 7935 "configure"
#include "confdefs.h"

#include <stdio.h>
int
main ()
{
int x = optind; char *y = optarg
  ;
  return 0;
}
configure:7948: gcc -c -g -O2   -D_DARWIN_C_SOURCE conftest.c >&5
configure:7941:9: error: use of undeclared identifier 'optind'
int x = optind; char *y = optarg
        ^
configure:7941:27: error: use of undeclared identifier 'optarg'
int x = optind; char *y = optarg
                          ^
2 errors generated.
configure:7951: $? = 1
configure: failed program was:
#line 7935 "configure"
#include "confdefs.h"

#include <stdlib.h>
int
main ()
{
int x = optind; char *y = optarg
  ;
  return 0;
}
configure:7948: gcc -c -g -O2   -D_DARWIN_C_SOURCE conftest.c >&5
configure:7951: $? = 0
configure:7954: test -s conftest.o
configure:7957: $? = 0
configure:7969: result: unistd.h
configure:7996: checking for getcwd
configure:8033: gcc -o conftest -g -O2   -D_DARWIN_C_SOURCE  conftest.c  >&5
configure:8036: $? = 0
configure:8039: test -s conftest
configure:8042: $? = 0
configure:8052: result: yes
configure:7996: checking for mktime
configure:8033: gcc -o conftest -g -O2   -D_DARWIN_C_SOURCE  conftest.c  >&5
configure:8036: $? = 0
configure:8039: test -s conftest
configure:8042: $? = 0
configure:8052: result: yes
configure:7996: checking for strdup
configure:8033: gcc -o conftest -g -O2   -D_DARWIN_C_SOURCE  conftest.c  >&5
configure:8012:6: warning: incompatible redeclaration of library function 'strdup' [-Wincompatible-library-redeclaration]
char strdup ();
     ^
configure:8012:6: note: 'strdup' is a builtin with type 'char *(const char *)'
1 warning generated.
configure:8036: $? = 0
configure:8039: test -s conftest
configure:8042: $? = 0
configure:8052: result: yes
configure:7996: checking for strerror
configure:8033: gcc -o conftest -g -O2   -D_DARWIN_C_SOURCE  conftest.c  >&5
configure:8012:6: warning: incompatible redeclaration of library function 'strerror' [-Wincompatible-library-redeclaration]
char strerror ();
     ^
configure:8012:6: note: 'strerror' is a builtin with type 'char *(int)'
1 warning generated.
configure:8036: $? = 0
configure:8039: test -s conftest
configure:8042: $? = 0
configure:8052: result: yes
configure:7996: checking for getlogin
configure:8033: gcc -o conftest -g -O2   -D_DARWIN_C_SOURCE  conftest.c  >&5
configure:8036: $? = 0
configure:8039: test -s conftest
configure:8042: $? = 0
configure:8052: result: yes
configure:7996: checking for sleep
configure:8033: gcc -o conftest -g -O2   -D_DARWIN_C_SOURCE  conftest.c  >&5
configure:8036: $? = 0
configure:8039: test -s conftest
configure:8042: $? = 0
configure:8052: result: yes
configure:8062: checking for lstat
configure:8083: gcc -o conftest -g -O2   -D_DARWIN_C_SOURCE  conftest.c  >&5
configure:8086: $? = 0
configure:8089: test -s conftest
configure:8092: $? = 0
configure:8104: result: yes 
configure:8114: checking for setlocale()
configure:8133: gcc -o conftest -g -O2   -D_DARWIN_C_SOURCE  conftest.c  >&5
configure:8136: $? = 0
configure:8139: test -s conftest
configure:8142: $? = 0
configure:8154: result: yes
configure:8162: checking for specific curses-directory
configure:8172: result: no
configure:8323: checking for specified curses library type
configure:8367: result: curses
configure:8373: checking for extra include directories
configure:8399: result: no
configure:8403: checking if we have identified curses headers
configure:8447: result: ncurses.h
configure:8461: checking for ncurses.h
configure:8496: result: yes
configure:8506: checking for terminfo header
configure:8564: result: term.h
configure:8596: checking for ncurses version
configure:8660: gcc -o conftest -g -O2   -D_DARWIN_C_SOURCE  conftest.c  >&5
configure:8663: $? = 0
configure:8665: ./conftest
configure:8668: $? = 0
configure:8682: result: 5.7.20081102
configure:8689: checking if we have identified curses libraries
configure:8704: gcc -o conftest -g -O2   -D_DARWIN_C_SOURCE  conftest.c  >&5
configure:8697:12: warning: implicit declaration of function 'tgoto' is invalid in C99 [-Wimplicit-function-declaration]
initscr(); tgoto("?", 0,0)
           ^
1 warning generated.
Undefined symbols for architecture x86_64:
  "_initscr", referenced from:
      _main in conftest-9963e1.o
  "_tgoto", referenced from:
      _main in conftest-9963e1.o
ld: symbol(s) not found for architecture x86_64
clang: error: linker command failed with exit code 1 (use -v to see invocation)
configure:8707: $? = 1
configure: failed program was:
#line 8692 "configure"
#include "confdefs.h"
#include <ncurses.h>
int
main ()
{
initscr(); tgoto("?", 0,0)
  ;
  return 0;
}
configure:8722: result: no
configure:9118: checking for tgoto
configure:9155: gcc -o conftest -g -O2   -D_DARWIN_C_SOURCE  conftest.c  >&5
Undefined symbols for architecture x86_64:
  "_tgoto", referenced from:
      _main in conftest-e77cdf.o
ld: symbol(s) not found for architecture x86_64
clang: error: linker command failed with exit code 1 (use -v to see invocation)
configure:9158: $? = 1
configure: failed program was:
#line 9124 "configure"
#include "confdefs.h"
/* System header to define __stub macros and hopefully few prototypes,
    which can conflict with char tgoto (); below.  */
#include <assert.h>
/* Override any gcc2 internal prototype to avoid an error.  */
#ifdef __cplusplus
extern "C"
#endif
/* We use char because int might match the return type of a gcc2
   builtin and then its argument prototype would still apply.  */
char tgoto ();
char (*f) ();

int
main ()
{
/* The GNU C library defines this for functions which it implements
    to always fail with ENOSYS.  Some functions are actually named
    something starting with __ and the normal name is an alias.  */
#if defined (__stub_tgoto) || defined (__stub___tgoto)
choke me
#else
f = tgoto; /* workaround for ICC 12.0.3 */ if (f == 0) return 1;
#endif

  ;
  return 0;
}
configure:9174: result: no
configure:9183: checking for tgoto in -lncurses
configure:9210: gcc -o conftest -g -O2   -D_DARWIN_C_SOURCE  conftest.c -lncurses   >&5
configure:9213: $? = 0
configure:9216: test -s conftest
configure:9219: $? = 0
configure:9230: result: yes
configure:9249: checking for initscr in -lncurses
configure:9276: gcc -o conftest -g -O2   -D_DARWIN_C_SOURCE  conftest.c -lncurses  -lncurses  >&5
configure:9279: $? = 0
configure:9282: test -s conftest
configure:9285: $? = 0
configure:9296: result: yes
configure:16888: checking for _nc_init_pthreads in -lcurses
configure:16915: gcc -o conftest -g -O2   -D_DARWIN_C_SOURCE  conftest.c -lcurses  -lncurses  >&5
Undefined symbols for architecture x86_64:
  "__nc_init_pthreads", referenced from:
      _main in conftest-b26661.o
ld: symbol(s) not found for architecture x86_64
clang: error: linker command failed with exit code 1 (use -v to see invocation)
configure:16918: $? = 1
configure: failed program was:
#line 16896 "configure"
#include "confdefs.h"

/* Override any gcc2 internal prototype to avoid an error.  */
#ifdef __cplusplus
extern "C"
#endif
/* We use char because int might match the return type of a gcc2
   builtin and then its argument prototype would still apply.  */
char _nc_init_pthreads ();
int
main ()
{
_nc_init_pthreads ();
  ;
  return 0;
}
configure:16935: result: no
configure:16979: checking for XXX-config rootname
configure:16987: result: cdk
configure:16990: checking if cdk.h should be in header subdirectory
configure:16998: result: 
configure:17008: checking for header subdirectory
configure:17016: result: cdk
configure:17019: checking for library name
configure:17027: result: cdk
configure:17030: checking if improved const-typing should be used
configure:17040: result: no
configure:17066: checking definition to turn on extended curses functions
configure:17100: gcc -o conftest -g -O2   -D_DARWIN_C_SOURCE  conftest.c -lncurses  >&5
configure:17088:2: error: unknown type name 'cchar_t'; did you mean 'wchar_t'?
        cchar_t check;
        ^~~~~~~
        wchar_t
/usr/include/sys/_types/_wchar_t.h:33:26: note: 'wchar_t' declared here
typedef __darwin_wchar_t wchar_t;
                         ^
1 error generated.
configure:17103: $? = 1
configure: failed program was:
#line 17074 "configure"
#include "confdefs.h"

#include <stdlib.h>
#include <ncurses.h>
int
main ()
{

#if defined(NCURSES_VERSION_PATCH)
#if (NCURSES_VERSION_PATCH < 20100501) && (NCURSES_VERSION_PATCH >= 20100403)
	make an error
#endif
#endif
#ifdef NCURSES_VERSION
	cchar_t check;
	int check2 = curs_set((int)sizeof(check));
#endif
	long x = winnstr(stdscr, "", 0);
	int x1, y1;
	getbegyx(stdscr, y1, x1)
  ;
  return 0;
}
configure:17141: gcc -o conftest -g -O2   -D_DARWIN_C_SOURCE  conftest.c -lncurses  >&5
configure:17144: $? = 0
configure:17147: test -s conftest
configure:17150: $? = 0
configure:17164: result: _XOPEN_SOURCE_EXTENDED
configure:17173: checking for term.h
configure:17278: result: term.h
configure:17305: checking for unctrl.h
configure:17340: gcc -c -g -O2   -D_DARWIN_C_SOURCE -D_XOPEN_SOURCE_EXTENDED conftest.c >&5
configure:17343: $? = 0
configure:17346: test -s conftest.o
configure:17349: $? = 0
configure:17362: result: unctrl.h
configure:17409: checking for Xinitscr
configure:17412: testing Xinitscr ...
configure:17454: gcc -o conftest -g -O2   -D_DARWIN_C_SOURCE -D_XOPEN_SOURCE_EXTENDED  conftest.c -lncurses  >&5
configure:17442:20: error: use of undeclared identifier 'Xinitscr'; did you mean 'initscr'?
long foo = (long)(&Xinitscr);
                   ^~~~~~~~
                   initscr
/usr/include/curses.h:584:33: note: 'initscr' declared here
extern NCURSES_EXPORT(WINDOW *) initscr (void);                         /* implemented */
                                ^
configure:17443:53: warning: format specifies type 'void *' but the argument has type 'long' [-Wformat]
fprintf(stderr, "testing linkage of Xinitscr:%p\n", foo);
                                             ~~     ^~~
                                             %ld
1 warning and 1 error generated.
configure:17457: $? = 1
configure: failed program was:
#line 17421 "configure"
#include "confdefs.h"

#ifdef HAVE_XCURSES
#include <xcurses.h>
char * XCursesProgramName = "test";
#else
#include <ncurses.h>
#if defined(NCURSES_VERSION) && defined(HAVE_NCURSESW_TERM_H)
#include <ncursesw/term.h>
#elif defined(NCURSES_VERSION) && defined(HAVE_NCURSES_TERM_H)
#include <ncurses/term.h>
#elif defined(HAVE_TERM_H)
#include <term.h>
#endif
#endif

int
main ()
{

#ifndef Xinitscr
long foo = (long)(&Xinitscr);
fprintf(stderr, "testing linkage of Xinitscr:%p\n", foo);
if (foo + 1234 > 5678)
	return(foo);
#endif

  ;
  return 0;
}
configure:17479: result: no
configure:17409: checking for getbegx
configure:17412: testing getbegx ...
configure:17454: gcc -o conftest -g -O2   -D_DARWIN_C_SOURCE -D_XOPEN_SOURCE_EXTENDED  conftest.c -lncurses  >&5
configure:17443:52: warning: format specifies type 'void *' but the argument has type 'long' [-Wformat]
fprintf(stderr, "testing linkage of getbegx:%p\n", foo);
                                            ~~     ^~~
                                            %ld
1 warning generated.
configure:17457: $? = 0
configure:17460: test -s conftest
configure:17463: $? = 0
configure:17479: result: yes
configure:17409: checking for getbegy
configure:17412: testing getbegy ...
configure:17454: gcc -o conftest -g -O2   -D_DARWIN_C_SOURCE -D_XOPEN_SOURCE_EXTENDED  conftest.c -lncurses  >&5
configure:17443:52: warning: format specifies type 'void *' but the argument has type 'long' [-Wformat]
fprintf(stderr, "testing linkage of getbegy:%p\n", foo);
                                            ~~     ^~~
                                            %ld
1 warning generated.
configure:17457: $? = 0
configure:17460: test -s conftest
configure:17463: $? = 0
configure:17479: result: yes
configure:17409: checking for getmaxx
configure:17412: testing getmaxx ...
configure:17454: gcc -o conftest -g -O2   -D_DARWIN_C_SOURCE -D_XOPEN_SOURCE_EXTENDED  conftest.c -lncurses  >&5
configure:17443:52: warning: format specifies type 'void *' but the argument has type 'long' [-Wformat]
fprintf(stderr, "testing linkage of getmaxx:%p\n", foo);
                                            ~~     ^~~
                                            %ld
1 warning generated.
configure:17457: $? = 0
configure:17460: test -s conftest
configure:17463: $? = 0
configure:17479: result: yes
configure:17409: checking for getmaxy
configure:17412: testing getmaxy ...
configure:17454: gcc -o conftest -g -O2   -D_DARWIN_C_SOURCE -D_XOPEN_SOURCE_EXTENDED  conftest.c -lncurses  >&5
configure:17443:52: warning: format specifies type 'void *' but the argument has type 'long' [-Wformat]
fprintf(stderr, "testing linkage of getmaxy:%p\n", foo);
                                            ~~     ^~~
                                            %ld
1 warning generated.
configure:17457: $? = 0
configure:17460: test -s conftest
configure:17463: $? = 0
configure:17479: result: yes
configure:17409: checking for start_color
configure:17412: testing start_color ...
configure:17454: gcc -o conftest -g -O2   -D_DARWIN_C_SOURCE -D_XOPEN_SOURCE_EXTENDED  conftest.c -lncurses  >&5
configure:17443:56: warning: format specifies type 'void *' but the argument has type 'long' [-Wformat]
fprintf(stderr, "testing linkage of start_color:%p\n", foo);
                                                ~~     ^~~
                                                %ld
1 warning generated.
configure:17457: $? = 0
configure:17460: test -s conftest
configure:17463: $? = 0
configure:17479: result: yes
configure:17604: checking how to define setbegyx
configure:17629: gcc -c -g -O2   -D_DARWIN_C_SOURCE -D_XOPEN_SOURCE_EXTENDED conftest.c >&5
configure:17621:1: error: incomplete definition of type 'struct _win_st'
setbegyx(win, 2, 3);
^~~~~~~~~~~~~~~~~~~
configure:17620:33: note: expanded from macro 'setbegyx'
#define setbegyx(win,y,x) ((win)->_begy = (y), (win)->_begx = (x), OK)
                           ~~~~~^
/usr/include/curses.h:322:16: note: forward declaration of 'struct _win_st'
typedef struct _win_st WINDOW;
               ^
configure:17621:1: error: incomplete definition of type 'struct _win_st'
setbegyx(win, 2, 3);
^~~~~~~~~~~~~~~~~~~
configure:17620:53: note: expanded from macro 'setbegyx'
#define setbegyx(win,y,x) ((win)->_begy = (y), (win)->_begx = (x), OK)
                                               ~~~~~^
/usr/include/curses.h:322:16: note: forward declaration of 'struct _win_st'
typedef struct _win_st WINDOW;
               ^
2 errors generated.
configure:17632: $? = 1
configure: failed program was:
#line 17611 "configure"
#include "confdefs.h"

#include <ncurses.h>

int
main ()
{

WINDOW *win = 0;
#define setbegyx(win,y,x) ((win)->_begy = (y), (win)->_begx = (x), OK)
setbegyx(win, 2, 3);

  ;
  return 0;
}
configure:17647: result: "ERR"
configure:17762: creating ./config.status

## ----------------------- ##
## Running config.status.  ##
## ----------------------- ##

This file was extended by config.status 2.52.20150926, executed with
  CONFIG_FILES    = 
  CONFIG_HEADERS  = 
  CONFIG_LINKS    = 
  CONFIG_COMMANDS = 
  > ./config.status 
on e2r10p23.42.fr

config.status:18341: creating cdk-config
config.status:18341: creating include/cdk_version.h
config.status:18341: creating Makefile
config.status:18341: creating cli/Makefile
config.status:18341: creating examples/Makefile
config.status:18341: creating demos/Makefile
config.status:18494: creating include/cdk_config.h

## ----------------- ##
## Cache variables.  ##
## ----------------- ##

ac_cv_build=x86_64-apple-darwin15.6.0
ac_cv_build_alias=x86_64-apple-darwin15.6.0
ac_cv_c_compiler_gnu=yes
ac_cv_env_CC_set=
ac_cv_env_CC_value=
ac_cv_env_CFLAGS_set=
ac_cv_env_CFLAGS_value=
ac_cv_env_CPPFLAGS_set=
ac_cv_env_CPPFLAGS_value=
ac_cv_env_CPP_set=
ac_cv_env_CPP_value=
ac_cv_env_LDFLAGS_set=
ac_cv_env_LDFLAGS_value=
ac_cv_env_build_alias_set=
ac_cv_env_build_alias_value=
ac_cv_env_host_alias_set=
ac_cv_env_host_alias_value=
ac_cv_env_target_alias_set=
ac_cv_env_target_alias_value=
ac_cv_func_getcwd=yes
ac_cv_func_getlogin=yes
ac_cv_func_lstat=yes
ac_cv_func_mktime=yes
ac_cv_func_sleep=yes
ac_cv_func_strdup=yes
ac_cv_func_strerror=yes
ac_cv_func_tgoto=no
ac_cv_header_dirent_dirent_h=yes
ac_cv_header_getopt_h=yes
ac_cv_header_grp_h=yes
ac_cv_header_inttypes_h=yes
ac_cv_header_limits_h=yes
ac_cv_header_memory_h=yes
ac_cv_header_ncurses_h=yes
ac_cv_header_pwd_h=yes
ac_cv_header_stdc=yes
ac_cv_header_stdint_h=yes
ac_cv_header_stdlib_h=yes
ac_cv_header_string_h=yes
ac_cv_header_strings_h=yes
ac_cv_header_sys_stat_h=yes
ac_cv_header_sys_types_h=yes
ac_cv_header_unistd_h=yes
ac_cv_host=x86_64-apple-darwin15.6.0
ac_cv_host_alias=x86_64-apple-darwin15.6.0
ac_cv_lib_curses____nc_init_pthreads=no
ac_cv_lib_dir_opendir=no
ac_cv_lib_ncurses___initscr=yes
ac_cv_lib_ncurses___tgoto=yes
ac_cv_objext=o
ac_cv_path_ac_pt_PKG_CONFIG=none
ac_cv_path_install='/usr/bin/install -c'
ac_cv_prog_CPP='gcc -E'
ac_cv_prog_CTAGS=ctags
ac_cv_prog_ETAGS=etags
ac_cv_prog_MAKE_LOWER_TAGS=yes
ac_cv_prog_ac_ct_AR=ar
ac_cv_prog_ac_ct_CC=gcc
ac_cv_prog_ac_ct_RANLIB=ranlib
ac_cv_prog_cc_g=yes
ac_cv_prog_cc_stdc=
ac_cv_prog_make_make_set=yes
ac_cv_struct_tm=time.h
ac_cv_type_mode_t=yes
cf_cv_abi_version=0
cf_cv_chtype_decl=yes
cf_cv_chtype_type=scalar
cf_cv_curses_dir=no
cf_cv_curses_incdir=no
cf_cv_enable_rpath=no
cf_cv_func_Xinitscr=no
cf_cv_func_getbegx=yes
cf_cv_func_getbegy=yes
cf_cv_func_getmaxx=yes
cf_cv_func_getmaxy=yes
cf_cv_func_start_color=yes
cf_cv_getopt_header=unistd.h
cf_cv_locale=yes
cf_cv_makeflags=
cf_cv_mixedcase=no
cf_cv_ncurses_header=ncurses.h
cf_cv_ncurses_pthreads=no
cf_cv_ncurses_version=5.7.20081102
cf_cv_need_xopen_extension=_XOPEN_SOURCE_EXTENDED
cf_cv_rel_version=5.0
cf_cv_screen=curses
cf_cv_system_name=darwin15.6.0
cf_cv_term_header=term.h
cf_cv_unctrl_header=unctrl.h

## ------------ ##
## confdefs.h.  ##
## ------------ ##

#define SYSTEM_NAME "darwin15.6.0"
#define PACKAGE "cdk"
#define CDK_VERSION "5.0"
#define CDK_PATCHDATE 20161210
#define HAVE_DIRENT_H 1
#define STDC_HEADERS 1
#define HAVE_LIMITS_H 1
#define HAVE_UNISTD_H 1
#define HAVE_PWD_H 1
#define HAVE_GRP_H 1
#define HAVE_SYS_TYPES_H 1
#define HAVE_SYS_STAT_H 1
#define HAVE_STDLIB_H 1
#define HAVE_STRING_H 1
#define HAVE_MEMORY_H 1
#define HAVE_STRINGS_H 1
#define HAVE_INTTYPES_H 1
#define HAVE_STDINT_H 1
#define HAVE_UNISTD_H 1
#define HAVE_NCURSES_H 1
#define HAVE_TERM_H 1
#define HAVE_TYPE_CHTYPE 1
#define TYPE_CHTYPE_IS_SCALAR 1
#define HAVE_UNISTD_H 1
#define HAVE_GETOPT_H 1
#define HAVE_GETOPT_HEADER 1
#define HAVE_GETCWD 1
#define HAVE_MKTIME 1
#define HAVE_STRDUP 1
#define HAVE_STRERROR 1
#define HAVE_GETLOGIN 1
#define HAVE_SLEEP 1
#define HAVE_LSTAT 1
#define HAVE_SETLOCALE 1
#define HAVE_NCURSES_H 1
#define HAVE_TERM_H 1
#define NCURSES 1
#define CDK_CONST /*nothing*/
#define CDK_CSTRING CDK_CONST char *
#define CDK_CSTRING2 CDK_CONST char * CDK_CONST *
#define HAVE_TERM_H 1
#define HAVE_UNCTRL_H 1
#define HAVE_GETBEGX 1
#define HAVE_GETBEGY 1
#define HAVE_GETMAXX 1
#define HAVE_GETMAXY 1
#define HAVE_START_COLOR 1
#define setbegyx(win,y,x) ERR


configure: exit 0
